# JRE version: Java(TM) SE Runtime Environment (17.0.6+9) (build 17.0.6+9-LTS-190)
# Java VM: Java HotSpot(TM) 64-Bit Server VM (17.0.6+9-LTS-190, mixed mode, emulated-client, sharing, tiered, compressed oops, compressed class ptrs, g1 gc, windows-amd64)
GC Precious Log:
 CPUs: 12 total, 12 available
 Memory: 32605M
 Large Page Support: Disabled
 NUMA Support: Disabled
 Compressed Oops: Enabled (Zero based)
 Heap Region Size: 4M
 Heap Min Capacity: 8M
 Heap Initial Capacity: 512M
 Heap Max Capacity: 8152M
 Pre-touch: Disabled
 Parallel Workers: 10
 Concurrent Workers: 3
 Concurrent Refinement Workers: 10
 Periodic GC: Disabled
Heap:
 garbage-first heap   total 524288K, used 134259K [0x0000000602800000, 0x0000000800000000)
  region size 4096K, 28 young (114688K), 2 survivors (8192K)
 Metaspace       used 17591K, committed 18048K, reserved 1064960K
  class space    used 2456K, committed 2688K, reserved 1048576K
GC Heap History (8 events):
Event: 0.398 GC heap before
{Heap before GC invocations=0 (full 0):
 garbage-first heap   total 524288K, used 20480K [0x0000000602800000, 0x0000000800000000)
  region size 4096K, 6 young (24576K), 0 survivors (0K)
 Metaspace       used 3504K, committed 3712K, reserved 1056768K
  class space    used 403K, committed 512K, reserved 1048576K
}
Event: 0.403 GC heap after
{Heap after GC invocations=1 (full 0):
 garbage-first heap   total 524288K, used 12352K [0x0000000602800000, 0x0000000800000000)
  region size 4096K, 1 young (4096K), 1 survivors (4096K)
 Metaspace       used 3504K, committed 3712K, reserved 1056768K
  class space    used 403K, committed 512K, reserved 1048576K
}
Event: 0.530 GC heap before
{Heap before GC invocations=1 (full 0):
 garbage-first heap   total 524288K, used 32832K [0x0000000602800000, 0x0000000800000000)
  region size 4096K, 6 young (24576K), 1 survivors (4096K)
 Metaspace       used 3727K, committed 3968K, reserved 1056768K
  class space    used 447K, committed 576K, reserved 1048576K
}
Event: 0.534 GC heap after
{Heap after GC invocations=2 (full 0):
 garbage-first heap   total 524288K, used 19347K [0x0000000602800000, 0x0000000800000000)
  region size 4096K, 1 young (4096K), 1 survivors (4096K)
 Metaspace       used 3727K, committed 3968K, reserved 1056768K
  class space    used 447K, committed 576K, reserved 1048576K
}
Event: 0.655 GC heap before
{Heap before GC invocations=2 (full 0):
 garbage-first heap   total 524288K, used 48019K [0x0000000602800000, 0x0000000800000000)
  region size 4096K, 8 young (32768K), 1 survivors (4096K)
 Metaspace       used 3941K, committed 4160K, reserved 1056768K
  class space    used 478K, committed 576K, reserved 1048576K
}
Event: 0.661 GC heap after
{Heap after GC invocations=3 (full 0):
 garbage-first heap   total 524288K, used 27110K [0x0000000602800000, 0x0000000800000000)
  region size 4096K, 1 young (4096K), 1 survivors (4096K)
 Metaspace       used 3941K, committed 4160K, reserved 1056768K
  class space    used 478K, committed 576K, reserved 1048576K
}
Event: 1.300 GC heap before
{Heap before GC invocations=3 (full 0):
 garbage-first heap   total 524288K, used 88550K [0x0000000602800000, 0x0000000800000000)
  region size 4096K, 16 young (65536K), 1 survivors (4096K)
 Metaspace       used 11967K, committed 12288K, reserved 1064960K
  class space    used 1569K, committed 1728K, reserved 1048576K
}
Event: 1.305 GC heap after
{Heap after GC invocations=4 (full 0):
 garbage-first heap   total 524288K, used 31859K [0x0000000602800000, 0x0000000800000000)
  region size 4096K, 2 young (8192K), 2 survivors (8192K)
 Metaspace       used 11967K, committed 12288K, reserved 1064960K
  class space    used 1569K, committed 1728K, reserved 1048576K
}

